5
4
3
2
1

 ****** Running generation 0 ****** 

Population's average fitness: 1.90000 stdev: 1.96214
Best fitness: 7.00000 - size: (10, 790) - species 18 - id 18
Average adjusted fitness: 0.362
Mean genetic distance 3.172, standard deviation 0.418
Population of 250 members in 50 species:
   ID   age  size  fitness  adj fit  stag
  ====  ===  ====  =======  =======  ====
     1    0     5      1.0    0.250     0
     2    0     5      1.0    0.250     0
     3    0     5      1.0    0.250     0
     4    0     5      0.0    0.125     0
     5    0     5      1.0    0.250     0
     6    0     5      1.0    0.250     0
     7    0     5      2.0    0.375     0
     8    0     5      2.0    0.375     0
     9    0     5      3.0    0.500     0
    10    0     5      6.0    0.875     0
    11    0     5      4.0    0.625     0
    12    0     5      1.0    0.250     0
    13    0     5      1.0    0.250     0
    14    0     5      4.0    0.625     0
    15    0     5      1.0    0.250     0
    16    0     5     -1.0    0.000     0
    17    0     5      1.0    0.250     0
    18    0     5      7.0    1.000     0
    19    0     5      1.0    0.250     0
    20    0     5      1.0    0.250     0
    21    0     5      1.0    0.250     0
    22    0     5      2.0    0.375     0
    23    0     5      1.0    0.250     0
    24    0     5      2.0    0.375     0
    25    0     5     -1.0    0.000     0
    26    0     5      1.0    0.250     0
    27    0     5      7.0    1.000     0
    28    0     5      5.0    0.750     0
    29    0     5      1.0    0.250     0
    30    0     5      1.0    0.250     0
    31    0     5     -1.0    0.000     0
    32    0     5      5.0    0.750     0
    33    0     5      1.0    0.250     0
    34    0     5     -1.0    0.000     0
    35    0     5      4.0    0.625     0
    36    0     5      1.0    0.250     0
    37    0     5      3.0    0.500     0
    38    0     5      1.0    0.250     0
    39    0     5      3.0    0.500     0
    40    0     5      6.0    0.875     0
    41    0     5      4.0    0.625     0
    42    0     5      1.0    0.250     0
    43    0     5     -1.0    0.000     0
    44    0     5      2.0    0.375     0
    45    0     5      1.0    0.250     0
    46    0     5      1.0    0.250     0
    47    0     5      1.0    0.250     0
    48    0     5      1.0    0.250     0
    49    0     5      2.0    0.375     0
    50    0     5      3.0    0.500     0
Total extinctions: 0
Generation time: 715.978 sec
Saving checkpoint to neat-checkpoint-0

 ****** Running generation 1 ****** 

Population's average fitness: 2.51600 stdev: 2.49995
Best fitness: 18.00000 - size: (10, 783) - species 35 - id 221
Average adjusted fitness: 0.185
Mean genetic distance 3.154, standard deviation 0.405
Population of 250 members in 50 species:
   ID   age  size  fitness  adj fit  stag
  ====  ===  ====  =======  =======  ====
     1    1     5      3.0    0.147     0
     2    1     5      3.0    0.147     0
     3    1     5      7.0    0.221     0
     4    1     5      4.0    0.158     0
     5    1     5      4.0    0.200     0
     6    1     5     13.0    0.347     0
     7    1     5      3.0    0.126     0
     8    1     5      4.0    0.137     0
     9    1     5      5.0    0.211     0
    10    1     5      9.0    0.274     0
    11    1     5      2.0    0.074     1
    12    1     5      2.0    0.116     0
    13    1     5      5.0    0.147     0
    14    1     5      6.0    0.221     0
    15    1     5      2.0    0.137     0
    16    1     5     10.0    0.274     0
    17    1     5      2.0    0.137     0
    18    1     5      7.0    0.232     1
    19    1     5      2.0    0.116     0
    20    1     5      3.0    0.147     0
    21    1     5      1.0    0.105     1
    22    1     5     12.0    0.263     0
    23    1     5      2.0    0.116     0
    24    1     5      2.0    0.158     1
    25    1     5      5.0    0.221     0
    26    1     5      5.0    0.147     0
    27    1     5     11.0    0.305     0
    28    1     5      2.0    0.095     1
    29    1     5      7.0    0.189     0
    30    1     5      6.0    0.189     0
    31    1     5      2.0    0.116     0
    32    1     5      7.0    0.189     0
    33    1     5      5.0    0.200     0
    34    1     5      4.0    0.158     0
    35    1     5     18.0    0.442     0
    36    1     5      2.0    0.116     0
    37    1     5      9.0    0.295     0
    38    1     5      3.0    0.158     0
    39    1     5     14.0    0.337     0
    40    1     5      4.0    0.168     1
    41    1     5      5.0    0.211     0
    42    1     5     12.0    0.232     0
    43    1     5      4.0    0.179     0
    44    1     5      8.0    0.211     0
    45    1     5      3.0    0.158     0
    46    1     5      3.0    0.126     0
    47    1     5      5.0    0.189     0
    48    1     5      2.0    0.137     0
    49    1     5      2.0    0.126     1
    50    1     5      3.0    0.147     1
Total extinctions: 0
Generation time: 3577.925 sec (2146.952 average)
Saving checkpoint to neat-checkpoint-1

 ****** Running generation 2 ****** 

Population's average fitness: 2.63600 stdev: 2.41981
Best fitness: 16.00000 - size: (10, 786) - species 6 - id 92
Average adjusted fitness: 0.214
Mean genetic distance 3.166, standard deviation 0.403
Population of 250 members in 50 species:
   ID   age  size  fitness  adj fit  stag
  ====  ===  ====  =======  =======  ====
     1    2     5      2.0    0.129     1
     2    2     5      6.0    0.271     0
     3    2     5      7.0    0.235     1
     4    2     5      3.0    0.153     1
     5    2     5      4.0    0.224     1
     6    2     5     16.0    0.541     0
     7    2     5      3.0    0.165     1
     8    2     5      3.0    0.153     1
     9    2     5      6.0    0.294     0
    10    2     5      4.0    0.200     1
    11    2     5      3.0    0.188     2
    12    2     5      2.0    0.141     1
    13    2     5      6.0    0.176     0
    14    2     5      7.0    0.247     0
    15    2     5      3.0    0.129     0
    16    2     5      9.0    0.259     1
    17    2     5      2.0    0.129     1
    18    2     5      5.0    0.188     2
    19    2     5      2.0    0.141     1
    20    2     5      9.0    0.247     0
    21    2     5      1.0    0.118     2
    22    2     5      4.0    0.165     1
    23    2     5      4.0    0.165     0
    24    2     5      4.0    0.165     0
    25    2     5      6.0    0.271     0
    26    2     5      4.0    0.176     1
    27    2     5      9.0    0.365     1
    28    2     5      2.0    0.141     2
    29    2     5      3.0    0.176     1
    30    2     5      3.0    0.176     1
    31    2     5      5.0    0.153     0
    32    2     5     11.0    0.447     0
    33    2     5      5.0    0.224     1
    34    2     5      2.0    0.165     1
    35    2     5      5.0    0.235     1
    36    2     5      1.0    0.094     1
    37    2     5      7.0    0.235     1
    38    2     5      6.0    0.235     0
    39    2     5      8.0    0.318     1
    40    2     5     11.0    0.447     0
    41    2     5      7.0    0.235     0
    42    2     5      7.0    0.224     1
    43    2     5      5.0    0.188     0
    44    2     5      9.0    0.247     0
    45    2     5      3.0    0.165     1
    46    2     5      2.0    0.106     1
    47    2     5      5.0    0.271     1
    48    2     5      2.0    0.165     1
    49    2     5      2.0    0.153     2
    50    2     5      7.0    0.259     0
Total extinctions: 0
Generation time: 3484.116 sec (2592.673 average)
Saving checkpoint to neat-checkpoint-2

 ****** Running generation 3 ****** 

Population's average fitness: 3.00800 stdev: 2.75825
Best fitness: 19.00000 - size: (9, 627) - species 39 - id 396
Average adjusted fitness: 0.200
Mean genetic distance 3.140, standard deviation 0.409
Population of 250 members in 50 species:
   ID   age  size  fitness  adj fit  stag
  ====  ===  ====  =======  =======  ====
     1    3     5      2.0    0.110     2
     2    3     5      7.0    0.190     0
     3    3     5     12.0    0.270     0
     4    3     5     14.0    0.280     0
     5    3     5      3.0    0.130     2
     6    3     5     11.0    0.420     1
     7    3     5      4.0    0.180     0
     8    3     5      4.0    0.180     2
     9    3     5      6.0    0.230     1
    10    3     5     12.0    0.330     0
    11    3     5      5.0    0.170     0
    12    3     5      2.0    0.130     2
    13    3     5      2.0    0.090     1
    14    3     5      5.0    0.230     1
    15    3     5      8.0    0.200     0
    16    3     5      4.0    0.170     2
    17    3     5      2.0    0.120     2
    18    3     5      4.0    0.170     3
    19    3     5      2.0    0.140     2
    20    3     5      4.0    0.150     1
    21    3     5      1.0    0.100     3
    22    3     5      5.0    0.210     2
    23    3     5      9.0    0.240     0
    24    3     5      9.0    0.280     0
    25    3     5     13.0    0.260     0
    26    3     5      7.0    0.250     0
    27    3     5      6.0    0.220     2
    28    3     5      3.0    0.160     3
    29    3     5     14.0    0.440     0
    30    3     5      4.0    0.150     2
    31    3     5      2.0    0.140     1
    32    3     5      5.0    0.190     1
    33    3     5      5.0    0.220     2
    34    3     5      4.0    0.140     2
    35    3     5      4.0    0.170     2
    36    3     5      2.0    0.110     2
    37    3     5      5.0    0.240     2
    38    3     5      4.0    0.130     1
    39    3     5     19.0    0.450     0
    40    3     5      4.0    0.160     1
    41    3     5      6.0    0.230     1
    42    3     5      6.0    0.190     2
    43    3     5      4.0    0.150     1
    44    3     5      7.0    0.210     1
    45    3     5     11.0    0.260     0
    46    3     5      2.0    0.130     2
    47    3     5      8.0    0.290     0
    48    3     5      2.0    0.130     2
    49    3     5      2.0    0.130     3
    50    3     5      4.0    0.150     1
Total extinctions: 0
Generation time: 3483.960 sec (2815.495 average)
Saving checkpoint to neat-checkpoint-3

 ****** Running generation 4 ****** 

Population's average fitness: 3.51600 stdev: 3.16887
Best fitness: 23.00000 - size: (10, 790) - species 39 - id 39
Average adjusted fitness: 0.188
Mean genetic distance 3.115, standard deviation 0.411
Population of 250 members in 50 species:
   ID   age  size  fitness  adj fit  stag
  ====  ===  ====  =======  =======  ====
     1    4     5      6.0    0.167     0
     2    4     5      4.0    0.158     1
     3    4     5      4.0    0.167     1
     4    4     5      7.0    0.192     1
     5    4     5      8.0    0.208     0
     6    4     5      9.0    0.225     2
     7    4     5      7.0    0.158     0
     8    4     5      3.0    0.108     3
     9    4     5      6.0    0.242     2
    10    4     5      9.0    0.175     1
    11    4     5      3.0    0.125     1
    12    4     5      2.0    0.083     3
    13    4     5      5.0    0.125     2
    14    4     5      5.0    0.158     2
    15    4     5     10.0    0.242     0
    16    4     5      8.0    0.217     3
    17    4     5      2.0    0.100     3
    18    4     5      8.0    0.217     0
    19    4     5      2.0    0.117     3
    20    4     5      3.0    0.117     2
    21    4     5      1.0    0.083     4
    22    4     5      2.0    0.125     3
    23    4     5      6.0    0.208     1
    24    4     5      7.0    0.167     1
    25    4     5     12.0    0.308     1
    26    4     5      3.0    0.133     1
    27    4     5      7.0    0.258     3
    28    4     5     10.0    0.225     0
    29    4     5     11.0    0.250     1
    30    4     5      8.0    0.217     0
    31    4     5      4.0    0.117     2
    32    4     5     17.0    0.317     0
    33    4     5      4.0    0.150     3
    34    4     5     12.0    0.225     0
    35    4     5      6.0    0.192     3
    36    4     5      2.0    0.092     3
    37    4     5      9.0    0.275     3
    38    4     5     17.0    0.250     0
    39    4     5     23.0    0.367     0
    40    4     5     14.0    0.408     0
    41    4     5      9.0    0.217     0
    42    4     5     11.0    0.217     3
    43    4     5      5.0    0.133     2
    44    4     5      7.0    0.167     2
    45    4     5      5.0    0.158     1
    46    4     5      3.0    0.100     3
    47    4     5      9.0    0.267     0
    48    4     5     14.0    0.208     0
    49    4     5      2.0    0.100     4
    50    4     5      7.0    0.175     2
Total extinctions: 0
Generation time: 3451.305 sec (2942.657 average)
Saving checkpoint to neat-checkpoint-4

 ****** Running generation 5 ****** 

Population's average fitness: 3.21200 stdev: 2.80697
Best fitness: 16.00000 - size: (10, 775) - species 2 - id 495
Average adjusted fitness: 0.248
Mean genetic distance 3.075, standard deviation 0.416
Population of 250 members in 50 species:
   ID   age  size  fitness  adj fit  stag
  ====  ===  ====  =======  =======  ====
     1    5     5      2.0    0.129     1
     2    5     5     16.0    0.459     0
     3    5     5     13.0    0.353     0
     4    5     5      6.0    0.188     2
     5    5     5      7.0    0.306     1
     6    5     5      5.0    0.212     3
     7    5     5      6.0    0.271     1
     8    5     5      4.0    0.200     4
     9    5     5      8.0    0.235     0
    10    5     5      4.0    0.212     2
    11    5     5      2.0    0.165     2
    12    5     5      2.0    0.129     4
    13    5     5     11.0    0.424     0
    14    5     5     16.0    0.424     0
    15    5     5     12.0    0.306     0
    16    5     5      5.0    0.224     4
    17    5     5      2.0    0.141     4
    18    5     5      5.0    0.271     1
    19    5     5      6.0    0.224     0
    20    5     5      4.0    0.200     3
    21    5     5      1.0    0.118     5
    22    5     5      3.0    0.165     4
    23    5     5      7.0    0.318     2
    24    5     5     10.0    0.247     0
    25    5     5     14.0    0.341     0
    26    5     5      8.0    0.306     0
    27    5     5      6.0    0.294     4
    28    5     5      5.0    0.259     1
    29    5     5      5.0    0.235     2
    30    5     5      5.0    0.259     1
    31    5     5      4.0    0.212     3
    32    5     5      7.0    0.341     1
    33    5     5      4.0    0.259     4
    34    5     5      6.0    0.200     1
    35    5     5     11.0    0.224     4
    36    5     5      2.0    0.129     4
    37    5     5      5.0    0.259     4
    38    5     5     10.0    0.353     1
    39    5     5     12.0    0.329     1
    40    5     5     12.0    0.294     1
    41    5     5      5.0    0.224     1
    42    5     5      6.0    0.224     4
    43    5     5      2.0    0.153     3
    44    5     5      7.0    0.306     3
    45    5     5      4.0    0.235     2
    46    5     5      8.0    0.224     0
    47    5     5     10.0    0.282     0
    48    5     5      6.0    0.235     1
    49    5     5      2.0    0.153     5
    50    5     5      2.0    0.141     3
Total extinctions: 0
Generation time: 3450.551 sec (3027.306 average)
Saving checkpoint to neat-checkpoint-5

 ****** Running generation 6 ****** 

Population's average fitness: 3.47200 stdev: 3.17005
Best fitness: 19.00000 - size: (8, 469) - species 43 - id 870
Average adjusted fitness: 0.224
Mean genetic distance 3.054, standard deviation 0.410
Population of 250 members in 50 species:
   ID   age  size  fitness  adj fit  stag
  ====  ===  ====  =======  =======  ====
     1    6     5      2.0    0.120     2
     2    6     5      4.0    0.190     1
     3    6     5      8.0    0.250     1
     4    6     5     12.0    0.300     3
     5    6     5     11.0    0.260     0
     6    6     5     11.0    0.310     4
     7    6     5      6.0    0.240     2
     8    6     5      9.0    0.180     0
     9    6     5     15.0    0.400     0
    10    6     5      3.0    0.140     3
    11    6     5      4.0    0.170     3
    12    6     5      2.0    0.120     5
    13    6     5      3.0    0.110     1
    14    6     5      6.0    0.170     1
    15    6     5      3.0    0.160     1
    16    6     5     10.0    0.380     5
    17    6     5      3.0    0.160     0
    18    6     5      5.0    0.200     2
    19    6     5     11.0    0.250     0
    20    6     5      3.0    0.090     4
    21    6     5      2.0    0.110     0
    22    6     5      7.0    0.170     5
    23    6     5     10.0    0.310     0
    24    6     5      6.0    0.170     1
    25    6     5      8.0    0.190     1
    26    6     5     13.0    0.330     0
    27    6     5     13.0    0.290     0
    28    6     5      7.0    0.190     2
    29    6     5      6.0    0.270     3
    30    6     5      7.0    0.240     2
    31    6     5      5.0    0.200     4
    32    6     5      4.0    0.180     2
    33    6     5     10.0    0.250     0
    34    6     5      3.0    0.160     2
    35    6     5      4.0    0.140     5
    36    6     5      3.0    0.140     0
    37    6     5      5.0    0.250     5
    38    6     5     16.0    0.350     2
    39    6     5      5.0    0.180     2
    40    6     5      9.0    0.290     2
    41    6     5      6.0    0.200     2
    42    6     5     16.0    0.320     0
    43    6     5     19.0    0.310     0
    44    6     5      4.0    0.210     4
    45    6     5      7.0    0.280     3
    46    6     5     12.0    0.220     0
    47    6     5     12.0    0.320     0
    48    6     5      8.0    0.290     2
    49    6     5      2.0    0.120     6
    50    6     5     11.0    0.300     0
Total extinctions: 0
Generation time: 3290.292 sec (3064.875 average)
Saving checkpoint to neat-checkpoint-6

 ****** Running generation 7 ****** 

Population's average fitness: 4.06400 stdev: 3.46467
Best fitness: 17.00000 - size: (8, 461) - species 27 - id 1134
Average adjusted fitness: 0.281
Mean genetic distance 3.031, standard deviation 0.423
Population of 250 members in 50 species:
   ID   age  size  fitness  adj fit  stag
  ====  ===  ====  =======  =======  ====
     1    7     5     14.0    0.300     0
     2    7     5      9.0    0.256     2
     3    7     5      5.0    0.244     2
     4    7     5     13.0    0.400     4
     5    7     5     11.0    0.322     1
     6    7     5     12.0    0.411     5
     7    7     5      8.0    0.233     0
     8    7     5      5.0    0.222     1
     9    7     5      8.0    0.244     1
    10    7     5      6.0    0.311     4
    11    7     5      9.0    0.267     0
    12    7     5      6.0    0.178     0
    13    7     5     10.0    0.267     2
    14    7     5      4.0    0.178     2
    15    7     5      2.0    0.144     2
    16    7     5     13.0    0.422     0
    17    7     5      3.0    0.167     1
    18    7     5      5.0    0.167     3
    19    7     5     13.0    0.478     0
    20    7     5     13.0    0.433     0
    21    7     5      2.0    0.122     1
    22    7     5      3.0    0.178     6
    23    7     5      5.0    0.222     1
    24    7     5      4.0    0.200     2
    25    7     5      5.0    0.233     2
    26    7     5     10.0    0.378     1
    27    7     5     17.0    0.433     0
    28    7     5      5.0    0.200     3
    29    7     5     10.0    0.300     4
    30    7     5      5.0    0.244     3
    31    7     5     11.0    0.289     0
    32    7     5     11.0    0.389     3
    33    7     5      7.0    0.211     1
    34    7     5      6.0    0.244     3
    35    7     5     15.0    0.378     6
    36    7     5      2.0    0.133     1
    37    7     5     13.0    0.422     0
    38    7     5      7.0    0.233     3
    39    7     5     16.0    0.344     3
    40    7     5     13.0    0.400     3
    41    7     5      6.0    0.244     3
    42    7     5      9.0    0.289     1
    43    7     5     10.0    0.256     1
    44    7     5     12.0    0.344     0
    45    7     5     12.0    0.344     0
    46    7     5      7.0    0.256     1
    47    7     5     12.0    0.322     1
    48    7     5     12.0    0.311     3
    49    7     5      4.0    0.167     0
    50    7     5     13.0    0.333     0
Total extinctions: 0
Generation time: 3335.840 sec (3098.746 average)
Saving checkpoint to neat-checkpoint-7

 ****** Running generation 8 ****** 

